26-Mar-2025 14:59:09.280 INFO [main] org.apache.catalina.startup.VersionLoggerListener.log Server version name:   Apache Tomcat/10.1.39
26-Mar-2025 14:59:09.284 INFO [main] org.apache.catalina.startup.VersionLoggerListener.log Server built:          Mar 4 2025 19:02:32 UTC
26-Mar-2025 14:59:09.284 INFO [main] org.apache.catalina.startup.VersionLoggerListener.log Server version number: 10.1.39.0
26-Mar-2025 14:59:09.284 INFO [main] org.apache.catalina.startup.VersionLoggerListener.log OS Name:               Windows 11
26-Mar-2025 14:59:09.284 INFO [main] org.apache.catalina.startup.VersionLoggerListener.log OS Version:            10.0
26-Mar-2025 14:59:09.284 INFO [main] org.apache.catalina.startup.VersionLoggerListener.log Architecture:          amd64
26-Mar-2025 14:59:09.285 INFO [main] org.apache.catalina.startup.VersionLoggerListener.log Java Home:             C:\Program Files\Java\jdk-21
26-Mar-2025 14:59:09.285 INFO [main] org.apache.catalina.startup.VersionLoggerListener.log JVM Version:           21.0.6+8-LTS-188
26-Mar-2025 14:59:09.285 INFO [main] org.apache.catalina.startup.VersionLoggerListener.log JVM Vendor:            Oracle Corporation
26-Mar-2025 14:59:09.285 INFO [main] org.apache.catalina.startup.VersionLoggerListener.log CATALINA_BASE:         C:\Users\amybr\Documents\University\Year 4\Winter Semester\CSI2132\Project\Hotelify\HotelWebApplication
26-Mar-2025 14:59:09.285 INFO [main] org.apache.catalina.startup.VersionLoggerListener.log CATALINA_HOME:         C:\Tomcat2\apache-tomcat-10.1.39
26-Mar-2025 14:59:09.293 INFO [main] org.apache.catalina.startup.VersionLoggerListener.log Command line argument: --add-opens=java.base/java.lang=ALL-UNNAMED
26-Mar-2025 14:59:09.293 INFO [main] org.apache.catalina.startup.VersionLoggerListener.log Command line argument: --add-opens=java.base/java.io=ALL-UNNAMED
26-Mar-2025 14:59:09.294 INFO [main] org.apache.catalina.startup.VersionLoggerListener.log Command line argument: --add-opens=java.base/java.util=ALL-UNNAMED
26-Mar-2025 14:59:09.294 INFO [main] org.apache.catalina.startup.VersionLoggerListener.log Command line argument: --add-opens=java.base/java.util.concurrent=ALL-UNNAMED
26-Mar-2025 14:59:09.294 INFO [main] org.apache.catalina.startup.VersionLoggerListener.log Command line argument: --add-opens=java.rmi/sun.rmi.transport=ALL-UNNAMED
26-Mar-2025 14:59:09.294 INFO [main] org.apache.catalina.startup.VersionLoggerListener.log Command line argument: -Dcatalina.home=C:\Tomcat2\apache-tomcat-10.1.39
26-Mar-2025 14:59:09.294 INFO [main] org.apache.catalina.startup.VersionLoggerListener.log Command line argument: -Dcatalina.base=C:\Users\amybr\Documents\University\Year 4\Winter Semester\CSI2132\Project\Hotelify\HotelWebApplication
26-Mar-2025 14:59:09.294 INFO [main] org.apache.catalina.startup.VersionLoggerListener.log Command line argument: -Djava.io.tmpdir=C:\Users\amybr\Documents\University\Year 4\Winter Semester\CSI2132\Project\Hotelify\HotelWebApplication\temp
26-Mar-2025 14:59:09.294 INFO [main] org.apache.catalina.startup.VersionLoggerListener.log Command line argument: -Djava.util.logging.config.file=C:\Users\amybr\Documents\University\Year 4\Winter Semester\CSI2132\Project\Hotelify\HotelWebApplication\conf\logging.properties
26-Mar-2025 14:59:09.294 INFO [main] org.apache.catalina.startup.VersionLoggerListener.log Command line argument: -Djava.util.logging.manager=org.apache.juli.ClassLoaderLogManager
26-Mar-2025 14:59:09.294 INFO [main] org.apache.catalina.startup.VersionLoggerListener.log Command line argument: -javaagent:C:\Program Files\JetBrains\IntelliJ IDEA 2024.2.2\lib\idea_rt.jar=53970:C:\Program Files\JetBrains\IntelliJ IDEA 2024.2.2\bin
26-Mar-2025 14:59:09.294 INFO [main] org.apache.catalina.startup.VersionLoggerListener.log Command line argument: -Dfile.encoding=UTF-8
26-Mar-2025 14:59:09.294 INFO [main] org.apache.catalina.startup.VersionLoggerListener.log Command line argument: -Dsun.stdout.encoding=UTF-8
26-Mar-2025 14:59:09.294 INFO [main] org.apache.catalina.startup.VersionLoggerListener.log Command line argument: -Dsun.stderr.encoding=UTF-8
26-Mar-2025 14:59:09.297 INFO [main] org.apache.catalina.core.AprLifecycleListener.lifecycleEvent Loaded Apache Tomcat Native library [2.0.8] using APR version [1.7.4].
26-Mar-2025 14:59:09.301 INFO [main] org.apache.catalina.core.AprLifecycleListener.initializeSSL OpenSSL successfully initialized [OpenSSL 3.0.14 4 Jun 2024]
26-Mar-2025 14:59:09.634 INFO [main] org.apache.coyote.AbstractProtocol.init Initializing ProtocolHandler ["http-nio-8080"]
26-Mar-2025 14:59:09.653 INFO [main] org.apache.catalina.startup.Catalina.load Server initialization in [531] milliseconds
26-Mar-2025 14:59:09.700 INFO [main] org.apache.catalina.core.StandardService.startInternal Starting service [Catalina]
26-Mar-2025 14:59:09.700 INFO [main] org.apache.catalina.core.StandardEngine.startInternal Starting Servlet engine: [Apache Tomcat/10.1.39]
26-Mar-2025 14:59:09.712 INFO [main] org.apache.catalina.startup.HostConfig.deployDescriptor Deploying deployment descriptor [C:\Users\amybr\Documents\University\Year 4\Winter Semester\CSI2132\Project\Hotelify\HotelWebApplication\conf\Catalina\localhost\Hotelify.xml]
26-Mar-2025 14:59:10.001 INFO [main] org.apache.catalina.startup.HostConfig.deployDescriptor Deployment of deployment descriptor [C:\Users\amybr\Documents\University\Year 4\Winter Semester\CSI2132\Project\Hotelify\HotelWebApplication\conf\Catalina\localhost\Hotelify.xml] has finished in [289] ms
26-Mar-2025 14:59:10.006 INFO [main] org.apache.coyote.AbstractProtocol.start Starting ProtocolHandler ["http-nio-8080"]
26-Mar-2025 14:59:10.024 INFO [main] org.apache.catalina.startup.Catalina.start Server startup in [368] milliseconds
26-Mar-2025 15:00:22.857 INFO [Thread-1] org.apache.coyote.AbstractProtocol.pause Pausing ProtocolHandler ["http-nio-8080"]
26-Mar-2025 15:00:22.860 INFO [Thread-1] org.apache.catalina.core.StandardService.stopInternal Stopping service [Catalina]
26-Mar-2025 15:00:22.867 INFO [Thread-1] org.apache.coyote.AbstractProtocol.stop Stopping ProtocolHandler ["http-nio-8080"]
26-Mar-2025 15:00:22.870 INFO [Thread-1] org.apache.coyote.AbstractProtocol.destroy Destroying ProtocolHandler ["http-nio-8080"]
26-Mar-2025 15:01:25.031 INFO [main] org.apache.catalina.startup.VersionLoggerListener.log Server version name:   Apache Tomcat/10.1.39
26-Mar-2025 15:01:25.035 INFO [main] org.apache.catalina.startup.VersionLoggerListener.log Server built:          Mar 4 2025 19:02:32 UTC
26-Mar-2025 15:01:25.035 INFO [main] org.apache.catalina.startup.VersionLoggerListener.log Server version number: 10.1.39.0
26-Mar-2025 15:01:25.035 INFO [main] org.apache.catalina.startup.VersionLoggerListener.log OS Name:               Windows 11
26-Mar-2025 15:01:25.035 INFO [main] org.apache.catalina.startup.VersionLoggerListener.log OS Version:            10.0
26-Mar-2025 15:01:25.035 INFO [main] org.apache.catalina.startup.VersionLoggerListener.log Architecture:          amd64
26-Mar-2025 15:01:25.035 INFO [main] org.apache.catalina.startup.VersionLoggerListener.log Java Home:             C:\Program Files\Java\jdk-21
26-Mar-2025 15:01:25.036 INFO [main] org.apache.catalina.startup.VersionLoggerListener.log JVM Version:           21.0.6+8-LTS-188
26-Mar-2025 15:01:25.036 INFO [main] org.apache.catalina.startup.VersionLoggerListener.log JVM Vendor:            Oracle Corporation
26-Mar-2025 15:01:25.036 INFO [main] org.apache.catalina.startup.VersionLoggerListener.log CATALINA_BASE:         C:\Users\amybr\Documents\University\Year 4\Winter Semester\CSI2132\Project\Hotelify\HotelWebApplication
26-Mar-2025 15:01:25.036 INFO [main] org.apache.catalina.startup.VersionLoggerListener.log CATALINA_HOME:         C:\Tomcat2\apache-tomcat-10.1.39
26-Mar-2025 15:01:25.044 INFO [main] org.apache.catalina.startup.VersionLoggerListener.log Command line argument: --add-opens=java.base/java.lang=ALL-UNNAMED
26-Mar-2025 15:01:25.044 INFO [main] org.apache.catalina.startup.VersionLoggerListener.log Command line argument: --add-opens=java.base/java.io=ALL-UNNAMED
26-Mar-2025 15:01:25.044 INFO [main] org.apache.catalina.startup.VersionLoggerListener.log Command line argument: --add-opens=java.base/java.util=ALL-UNNAMED
26-Mar-2025 15:01:25.045 INFO [main] org.apache.catalina.startup.VersionLoggerListener.log Command line argument: --add-opens=java.base/java.util.concurrent=ALL-UNNAMED
26-Mar-2025 15:01:25.045 INFO [main] org.apache.catalina.startup.VersionLoggerListener.log Command line argument: --add-opens=java.rmi/sun.rmi.transport=ALL-UNNAMED
26-Mar-2025 15:01:25.045 INFO [main] org.apache.catalina.startup.VersionLoggerListener.log Command line argument: -Dcatalina.home=C:\Tomcat2\apache-tomcat-10.1.39
26-Mar-2025 15:01:25.045 INFO [main] org.apache.catalina.startup.VersionLoggerListener.log Command line argument: -Dcatalina.base=C:\Users\amybr\Documents\University\Year 4\Winter Semester\CSI2132\Project\Hotelify\HotelWebApplication
26-Mar-2025 15:01:25.045 INFO [main] org.apache.catalina.startup.VersionLoggerListener.log Command line argument: -Djava.io.tmpdir=C:\Users\amybr\Documents\University\Year 4\Winter Semester\CSI2132\Project\Hotelify\HotelWebApplication\temp
26-Mar-2025 15:01:25.045 INFO [main] org.apache.catalina.startup.VersionLoggerListener.log Command line argument: -Djava.util.logging.config.file=C:\Users\amybr\Documents\University\Year 4\Winter Semester\CSI2132\Project\Hotelify\HotelWebApplication\conf\logging.properties
26-Mar-2025 15:01:25.045 INFO [main] org.apache.catalina.startup.VersionLoggerListener.log Command line argument: -Djava.util.logging.manager=org.apache.juli.ClassLoaderLogManager
26-Mar-2025 15:01:25.045 INFO [main] org.apache.catalina.startup.VersionLoggerListener.log Command line argument: -javaagent:C:\Program Files\JetBrains\IntelliJ IDEA 2024.2.2\lib\idea_rt.jar=54128:C:\Program Files\JetBrains\IntelliJ IDEA 2024.2.2\bin
26-Mar-2025 15:01:25.045 INFO [main] org.apache.catalina.startup.VersionLoggerListener.log Command line argument: -Dfile.encoding=UTF-8
26-Mar-2025 15:01:25.045 INFO [main] org.apache.catalina.startup.VersionLoggerListener.log Command line argument: -Dsun.stdout.encoding=UTF-8
26-Mar-2025 15:01:25.045 INFO [main] org.apache.catalina.startup.VersionLoggerListener.log Command line argument: -Dsun.stderr.encoding=UTF-8
26-Mar-2025 15:01:25.047 INFO [main] org.apache.catalina.core.AprLifecycleListener.lifecycleEvent Loaded Apache Tomcat Native library [2.0.8] using APR version [1.7.4].
26-Mar-2025 15:01:25.052 INFO [main] org.apache.catalina.core.AprLifecycleListener.initializeSSL OpenSSL successfully initialized [OpenSSL 3.0.14 4 Jun 2024]
26-Mar-2025 15:01:25.360 INFO [main] org.apache.coyote.AbstractProtocol.init Initializing ProtocolHandler ["http-nio-8080"]
26-Mar-2025 15:01:25.380 INFO [main] org.apache.catalina.startup.Catalina.load Server initialization in [520] milliseconds
26-Mar-2025 15:01:25.433 INFO [main] org.apache.catalina.core.StandardService.startInternal Starting service [Catalina]
26-Mar-2025 15:01:25.434 INFO [main] org.apache.catalina.core.StandardEngine.startInternal Starting Servlet engine: [Apache Tomcat/10.1.39]
26-Mar-2025 15:01:25.446 INFO [main] org.apache.catalina.startup.HostConfig.deployDescriptor Deploying deployment descriptor [C:\Users\amybr\Documents\University\Year 4\Winter Semester\CSI2132\Project\Hotelify\HotelWebApplication\conf\Catalina\localhost\Hotelify.xml]
26-Mar-2025 15:01:25.759 INFO [main] org.apache.catalina.startup.HostConfig.deployDescriptor Deployment of deployment descriptor [C:\Users\amybr\Documents\University\Year 4\Winter Semester\CSI2132\Project\Hotelify\HotelWebApplication\conf\Catalina\localhost\Hotelify.xml] has finished in [313] ms
26-Mar-2025 15:01:25.763 INFO [main] org.apache.coyote.AbstractProtocol.start Starting ProtocolHandler ["http-nio-8080"]
26-Mar-2025 15:01:25.786 INFO [main] org.apache.catalina.startup.Catalina.start Server startup in [405] milliseconds
26-Mar-2025 15:02:00.321 INFO [Thread-1] org.apache.coyote.AbstractProtocol.pause Pausing ProtocolHandler ["http-nio-8080"]
26-Mar-2025 15:02:00.326 INFO [Thread-1] org.apache.catalina.core.StandardService.stopInternal Stopping service [Catalina]
26-Mar-2025 15:02:00.335 INFO [Thread-1] org.apache.coyote.AbstractProtocol.stop Stopping ProtocolHandler ["http-nio-8080"]
26-Mar-2025 15:02:00.339 INFO [Thread-1] org.apache.coyote.AbstractProtocol.destroy Destroying ProtocolHandler ["http-nio-8080"]
